[debug] [2025-12-19T05:15:28.087Z] > command requires scopes: ["email","openid","https://www.googleapis.com/auth/cloudplatformprojects.readonly","https://www.googleapis.com/auth/firebase","https://www.googleapis.com/auth/cloud-platform"]
[debug] [2025-12-19T05:15:28.090Z] > authorizing via signed-in user (byunginhb@gmail.com)
[debug] [2025-12-19T05:15:28.091Z] Checked if tokens are valid: true, expires at: 1766124047395
[debug] [2025-12-19T05:15:28.092Z] Checked if tokens are valid: true, expires at: 1766124047395
[debug] [2025-12-19T05:15:28.093Z] >>> [apiv2][query] GET https://cloudbilling.googleapis.com/v1/projects/feed-creator-v1-app/billingInfo [none]
[debug] [2025-12-19T05:15:29.343Z] <<< [apiv2][status] GET https://cloudbilling.googleapis.com/v1/projects/feed-creator-v1-app/billingInfo 200
[debug] [2025-12-19T05:15:29.344Z] <<< [apiv2][body] GET https://cloudbilling.googleapis.com/v1/projects/feed-creator-v1-app/billingInfo {"name":"projects/feed-creator-v1-app/billingInfo","projectId":"feed-creator-v1-app","billingAccountName":"","billingEnabled":false}
[debug] [2025-12-19T05:15:29.368Z] Checked if tokens are valid: true, expires at: 1766124047395
[debug] [2025-12-19T05:15:29.368Z] Checked if tokens are valid: true, expires at: 1766124047395
[debug] [2025-12-19T05:15:29.368Z] Checked if tokens are valid: true, expires at: 1766124047395
[debug] [2025-12-19T05:15:29.368Z] Checked if tokens are valid: true, expires at: 1766124047395
[debug] [2025-12-19T05:15:29.374Z] Checked if tokens are valid: true, expires at: 1766124047395
[debug] [2025-12-19T05:15:29.374Z] Checked if tokens are valid: true, expires at: 1766124047395
[debug] [2025-12-19T05:15:29.375Z] Checked if tokens are valid: true, expires at: 1766124047395
[debug] [2025-12-19T05:15:29.375Z] Checked if tokens are valid: true, expires at: 1766124047395
[debug] [2025-12-19T05:15:29.375Z] >>> [apiv2][query] GET https://serviceusage.googleapis.com/v1/projects/feed-creator-v1-app/services/firebasedataconnect.googleapis.com [none]
[debug] [2025-12-19T05:15:29.375Z] >>> [apiv2][(partial)header] GET https://serviceusage.googleapis.com/v1/projects/feed-creator-v1-app/services/firebasedataconnect.googleapis.com x-goog-quota-user=projects/feed-creator-v1-app
[debug] [2025-12-19T05:15:29.376Z] >>> [apiv2][query] GET https://serviceusage.googleapis.com/v1/projects/feed-creator-v1-app/services/cloudfunctions.googleapis.com [none]
[debug] [2025-12-19T05:15:29.376Z] >>> [apiv2][(partial)header] GET https://serviceusage.googleapis.com/v1/projects/feed-creator-v1-app/services/cloudfunctions.googleapis.com x-goog-quota-user=projects/feed-creator-v1-app
[debug] [2025-12-19T05:15:29.376Z] >>> [apiv2][query] GET https://serviceusage.googleapis.com/v1/projects/feed-creator-v1-app/services/firebaseapphosting.googleapis.com [none]
[debug] [2025-12-19T05:15:29.376Z] >>> [apiv2][(partial)header] GET https://serviceusage.googleapis.com/v1/projects/feed-creator-v1-app/services/firebaseapphosting.googleapis.com x-goog-quota-user=projects/feed-creator-v1-app
[debug] [2025-12-19T05:15:29.377Z] >>> [apiv2][query] GET https://serviceusage.googleapis.com/v1/projects/feed-creator-v1-app/services/firebaseio.com [none]
[debug] [2025-12-19T05:15:29.377Z] >>> [apiv2][(partial)header] GET https://serviceusage.googleapis.com/v1/projects/feed-creator-v1-app/services/firebaseio.com x-goog-quota-user=projects/feed-creator-v1-app
[debug] [2025-12-19T05:15:30.444Z] <<< [apiv2][status] GET https://serviceusage.googleapis.com/v1/projects/feed-creator-v1-app/services/firebaseio.com 403
[debug] [2025-12-19T05:15:30.444Z] <<< [apiv2][body] GET https://serviceusage.googleapis.com/v1/projects/feed-creator-v1-app/services/firebaseio.com [omitted]
[debug] [2025-12-19T05:15:30.469Z] <<< [apiv2][status] GET https://serviceusage.googleapis.com/v1/projects/feed-creator-v1-app/services/cloudfunctions.googleapis.com 200
[debug] [2025-12-19T05:15:30.470Z] <<< [apiv2][body] GET https://serviceusage.googleapis.com/v1/projects/feed-creator-v1-app/services/cloudfunctions.googleapis.com [omitted]
[debug] [2025-12-19T05:15:30.471Z] <<< [apiv2][status] GET https://serviceusage.googleapis.com/v1/projects/feed-creator-v1-app/services/firebasedataconnect.googleapis.com 200
[debug] [2025-12-19T05:15:30.471Z] <<< [apiv2][body] GET https://serviceusage.googleapis.com/v1/projects/feed-creator-v1-app/services/firebasedataconnect.googleapis.com [omitted]
[debug] [2025-12-19T05:15:30.519Z] <<< [apiv2][status] GET https://serviceusage.googleapis.com/v1/projects/feed-creator-v1-app/services/firebaseapphosting.googleapis.com 200
[debug] [2025-12-19T05:15:30.520Z] <<< [apiv2][body] GET https://serviceusage.googleapis.com/v1/projects/feed-creator-v1-app/services/firebaseapphosting.googleapis.com [omitted]
[debug] [2025-12-19T05:19:57.099Z] > command requires scopes: ["email","openid","https://www.googleapis.com/auth/cloudplatformprojects.readonly","https://www.googleapis.com/auth/firebase","https://www.googleapis.com/auth/cloud-platform"]
[debug] [2025-12-19T05:19:57.101Z] > authorizing via signed-in user (byunginhb@gmail.com)
[debug] [2025-12-19T05:19:57.102Z] Checked if tokens are valid: true, expires at: 1766124047395
[debug] [2025-12-19T05:19:57.102Z] Checked if tokens are valid: true, expires at: 1766124047395
[debug] [2025-12-19T05:19:57.102Z] >>> [apiv2][query] GET https://cloudbilling.googleapis.com/v1/projects/feed-creator-v1-app/billingInfo [none]
[debug] [2025-12-19T05:19:57.739Z] <<< [apiv2][status] GET https://cloudbilling.googleapis.com/v1/projects/feed-creator-v1-app/billingInfo 200
[debug] [2025-12-19T05:19:57.739Z] <<< [apiv2][body] GET https://cloudbilling.googleapis.com/v1/projects/feed-creator-v1-app/billingInfo {"name":"projects/feed-creator-v1-app/billingInfo","projectId":"feed-creator-v1-app","billingAccountName":"","billingEnabled":false}
[debug] [2025-12-19T05:19:57.744Z] Checked if tokens are valid: true, expires at: 1766124047395
[debug] [2025-12-19T05:19:57.744Z] Checked if tokens are valid: true, expires at: 1766124047395
[debug] [2025-12-19T05:19:57.745Z] Checked if tokens are valid: true, expires at: 1766124047395
[debug] [2025-12-19T05:19:57.745Z] Checked if tokens are valid: true, expires at: 1766124047395
[debug] [2025-12-19T05:19:57.750Z] Checked if tokens are valid: true, expires at: 1766124047395
[debug] [2025-12-19T05:19:57.750Z] Checked if tokens are valid: true, expires at: 1766124047395
[debug] [2025-12-19T05:19:57.751Z] Checked if tokens are valid: true, expires at: 1766124047395
[debug] [2025-12-19T05:19:57.751Z] Checked if tokens are valid: true, expires at: 1766124047395
[debug] [2025-12-19T05:19:57.751Z] >>> [apiv2][query] GET https://serviceusage.googleapis.com/v1/projects/feed-creator-v1-app/services/firebasedataconnect.googleapis.com [none]
[debug] [2025-12-19T05:19:57.751Z] >>> [apiv2][(partial)header] GET https://serviceusage.googleapis.com/v1/projects/feed-creator-v1-app/services/firebasedataconnect.googleapis.com x-goog-quota-user=projects/feed-creator-v1-app
[debug] [2025-12-19T05:19:57.751Z] >>> [apiv2][query] GET https://serviceusage.googleapis.com/v1/projects/feed-creator-v1-app/services/cloudfunctions.googleapis.com [none]
[debug] [2025-12-19T05:19:57.751Z] >>> [apiv2][(partial)header] GET https://serviceusage.googleapis.com/v1/projects/feed-creator-v1-app/services/cloudfunctions.googleapis.com x-goog-quota-user=projects/feed-creator-v1-app
[debug] [2025-12-19T05:19:57.752Z] >>> [apiv2][query] GET https://serviceusage.googleapis.com/v1/projects/feed-creator-v1-app/services/firebaseapphosting.googleapis.com [none]
[debug] [2025-12-19T05:19:57.752Z] >>> [apiv2][(partial)header] GET https://serviceusage.googleapis.com/v1/projects/feed-creator-v1-app/services/firebaseapphosting.googleapis.com x-goog-quota-user=projects/feed-creator-v1-app
[debug] [2025-12-19T05:19:57.752Z] >>> [apiv2][query] GET https://serviceusage.googleapis.com/v1/projects/feed-creator-v1-app/services/firebaseio.com [none]
[debug] [2025-12-19T05:19:57.753Z] >>> [apiv2][(partial)header] GET https://serviceusage.googleapis.com/v1/projects/feed-creator-v1-app/services/firebaseio.com x-goog-quota-user=projects/feed-creator-v1-app
[debug] [2025-12-19T05:19:58.755Z] <<< [apiv2][status] GET https://serviceusage.googleapis.com/v1/projects/feed-creator-v1-app/services/firebaseio.com 403
[debug] [2025-12-19T05:19:58.755Z] <<< [apiv2][body] GET https://serviceusage.googleapis.com/v1/projects/feed-creator-v1-app/services/firebaseio.com [omitted]
[debug] [2025-12-19T05:19:58.802Z] <<< [apiv2][status] GET https://serviceusage.googleapis.com/v1/projects/feed-creator-v1-app/services/firebaseapphosting.googleapis.com 200
[debug] [2025-12-19T05:19:58.802Z] <<< [apiv2][body] GET https://serviceusage.googleapis.com/v1/projects/feed-creator-v1-app/services/firebaseapphosting.googleapis.com [omitted]
[debug] [2025-12-19T05:19:58.807Z] <<< [apiv2][status] GET https://serviceusage.googleapis.com/v1/projects/feed-creator-v1-app/services/firebasedataconnect.googleapis.com 200
[debug] [2025-12-19T05:19:58.807Z] <<< [apiv2][body] GET https://serviceusage.googleapis.com/v1/projects/feed-creator-v1-app/services/firebasedataconnect.googleapis.com [omitted]
[debug] [2025-12-19T05:19:58.858Z] <<< [apiv2][status] GET https://serviceusage.googleapis.com/v1/projects/feed-creator-v1-app/services/cloudfunctions.googleapis.com 200
[debug] [2025-12-19T05:19:58.858Z] <<< [apiv2][body] GET https://serviceusage.googleapis.com/v1/projects/feed-creator-v1-app/services/cloudfunctions.googleapis.com [omitted]
[debug] [2025-12-19T05:20:17.592Z] > command requires scopes: ["email","openid","https://www.googleapis.com/auth/cloudplatformprojects.readonly","https://www.googleapis.com/auth/firebase","https://www.googleapis.com/auth/cloud-platform"]
[debug] [2025-12-19T05:20:17.593Z] > authorizing via signed-in user (byunginhb@gmail.com)
[debug] [2025-12-19T05:20:17.594Z] > command requires scopes: ["email","openid","https://www.googleapis.com/auth/cloudplatformprojects.readonly","https://www.googleapis.com/auth/firebase","https://www.googleapis.com/auth/cloud-platform"]
[debug] [2025-12-19T05:20:17.594Z] > authorizing via signed-in user (byunginhb@gmail.com)
[debug] [2025-12-19T05:20:17.594Z] Checked if tokens are valid: true, expires at: 1766124047395
[debug] [2025-12-19T05:20:17.594Z] Checked if tokens are valid: true, expires at: 1766124047395
[debug] [2025-12-19T05:20:17.594Z] Checked if tokens are valid: true, expires at: 1766124047395
[debug] [2025-12-19T05:20:17.594Z] Checked if tokens are valid: true, expires at: 1766124047395
[debug] [2025-12-19T05:20:17.594Z] > command requires scopes: ["email","openid","https://www.googleapis.com/auth/cloudplatformprojects.readonly","https://www.googleapis.com/auth/firebase","https://www.googleapis.com/auth/cloud-platform"]
[debug] [2025-12-19T05:20:17.594Z] > authorizing via signed-in user (byunginhb@gmail.com)
[debug] [2025-12-19T05:20:17.595Z] >>> [apiv2][query] GET https://cloudbilling.googleapis.com/v1/projects/feed-creator-v1-app/billingInfo [none]
[debug] [2025-12-19T05:20:17.595Z] >>> [apiv2][query] GET https://cloudbilling.googleapis.com/v1/projects/feed-creator-v1-app/billingInfo [none]
[debug] [2025-12-19T05:20:17.596Z] Checked if tokens are valid: true, expires at: 1766124047395
[debug] [2025-12-19T05:20:17.596Z] Checked if tokens are valid: true, expires at: 1766124047395
[debug] [2025-12-19T05:20:17.596Z] >>> [apiv2][query] GET https://cloudbilling.googleapis.com/v1/projects/feed-creator-v1-app/billingInfo [none]
[debug] [2025-12-19T05:20:17.978Z] <<< [apiv2][status] GET https://cloudbilling.googleapis.com/v1/projects/feed-creator-v1-app/billingInfo 200
[debug] [2025-12-19T05:20:17.978Z] <<< [apiv2][body] GET https://cloudbilling.googleapis.com/v1/projects/feed-creator-v1-app/billingInfo {"name":"projects/feed-creator-v1-app/billingInfo","projectId":"feed-creator-v1-app","billingAccountName":"","billingEnabled":false}
[debug] [2025-12-19T05:20:17.980Z] Checked if tokens are valid: true, expires at: 1766124047395
[debug] [2025-12-19T05:20:17.981Z] Checked if tokens are valid: true, expires at: 1766124047395
[debug] [2025-12-19T05:20:17.981Z] Checked if tokens are valid: true, expires at: 1766124047395
[debug] [2025-12-19T05:20:17.981Z] Checked if tokens are valid: true, expires at: 1766124047395
[debug] [2025-12-19T05:20:17.985Z] Checked if tokens are valid: true, expires at: 1766124047395
[debug] [2025-12-19T05:20:17.985Z] Checked if tokens are valid: true, expires at: 1766124047395
[debug] [2025-12-19T05:20:17.985Z] Checked if tokens are valid: true, expires at: 1766124047395
[debug] [2025-12-19T05:20:17.985Z] Checked if tokens are valid: true, expires at: 1766124047395
[debug] [2025-12-19T05:20:17.986Z] >>> [apiv2][query] GET https://serviceusage.googleapis.com/v1/projects/feed-creator-v1-app/services/firebasedataconnect.googleapis.com [none]
[debug] [2025-12-19T05:20:17.986Z] >>> [apiv2][(partial)header] GET https://serviceusage.googleapis.com/v1/projects/feed-creator-v1-app/services/firebasedataconnect.googleapis.com x-goog-quota-user=projects/feed-creator-v1-app
[debug] [2025-12-19T05:20:17.986Z] >>> [apiv2][query] GET https://serviceusage.googleapis.com/v1/projects/feed-creator-v1-app/services/cloudfunctions.googleapis.com [none]
[debug] [2025-12-19T05:20:17.986Z] >>> [apiv2][(partial)header] GET https://serviceusage.googleapis.com/v1/projects/feed-creator-v1-app/services/cloudfunctions.googleapis.com x-goog-quota-user=projects/feed-creator-v1-app
[debug] [2025-12-19T05:20:17.987Z] >>> [apiv2][query] GET https://serviceusage.googleapis.com/v1/projects/feed-creator-v1-app/services/firebaseapphosting.googleapis.com [none]
[debug] [2025-12-19T05:20:17.987Z] >>> [apiv2][(partial)header] GET https://serviceusage.googleapis.com/v1/projects/feed-creator-v1-app/services/firebaseapphosting.googleapis.com x-goog-quota-user=projects/feed-creator-v1-app
[debug] [2025-12-19T05:20:17.987Z] >>> [apiv2][query] GET https://serviceusage.googleapis.com/v1/projects/feed-creator-v1-app/services/firebaseio.com [none]
[debug] [2025-12-19T05:20:17.987Z] >>> [apiv2][(partial)header] GET https://serviceusage.googleapis.com/v1/projects/feed-creator-v1-app/services/firebaseio.com x-goog-quota-user=projects/feed-creator-v1-app
[debug] [2025-12-19T05:20:18.139Z] <<< [apiv2][status] GET https://cloudbilling.googleapis.com/v1/projects/feed-creator-v1-app/billingInfo 200
[debug] [2025-12-19T05:20:18.139Z] <<< [apiv2][body] GET https://cloudbilling.googleapis.com/v1/projects/feed-creator-v1-app/billingInfo {"name":"projects/feed-creator-v1-app/billingInfo","projectId":"feed-creator-v1-app","billingAccountName":"","billingEnabled":false}
[debug] [2025-12-19T05:20:18.139Z] Checked if tokens are valid: true, expires at: 1766124047395
[debug] [2025-12-19T05:20:18.139Z] Checked if tokens are valid: true, expires at: 1766124047395
[debug] [2025-12-19T05:20:18.140Z] Checked if tokens are valid: true, expires at: 1766124047395
[debug] [2025-12-19T05:20:18.140Z] Checked if tokens are valid: true, expires at: 1766124047395
[debug] [2025-12-19T05:20:18.141Z] Checked if tokens are valid: true, expires at: 1766124047395
[debug] [2025-12-19T05:20:18.141Z] Checked if tokens are valid: true, expires at: 1766124047395
[debug] [2025-12-19T05:20:18.141Z] Checked if tokens are valid: true, expires at: 1766124047395
[debug] [2025-12-19T05:20:18.141Z] Checked if tokens are valid: true, expires at: 1766124047395
[debug] [2025-12-19T05:20:18.141Z] >>> [apiv2][query] GET https://serviceusage.googleapis.com/v1/projects/feed-creator-v1-app/services/firebasedataconnect.googleapis.com [none]
[debug] [2025-12-19T05:20:18.141Z] >>> [apiv2][(partial)header] GET https://serviceusage.googleapis.com/v1/projects/feed-creator-v1-app/services/firebasedataconnect.googleapis.com x-goog-quota-user=projects/feed-creator-v1-app
[debug] [2025-12-19T05:20:18.142Z] >>> [apiv2][query] GET https://serviceusage.googleapis.com/v1/projects/feed-creator-v1-app/services/cloudfunctions.googleapis.com [none]
[debug] [2025-12-19T05:20:18.142Z] >>> [apiv2][(partial)header] GET https://serviceusage.googleapis.com/v1/projects/feed-creator-v1-app/services/cloudfunctions.googleapis.com x-goog-quota-user=projects/feed-creator-v1-app
[debug] [2025-12-19T05:20:18.142Z] >>> [apiv2][query] GET https://serviceusage.googleapis.com/v1/projects/feed-creator-v1-app/services/firebaseapphosting.googleapis.com [none]
[debug] [2025-12-19T05:20:18.142Z] >>> [apiv2][(partial)header] GET https://serviceusage.googleapis.com/v1/projects/feed-creator-v1-app/services/firebaseapphosting.googleapis.com x-goog-quota-user=projects/feed-creator-v1-app
[debug] [2025-12-19T05:20:18.143Z] >>> [apiv2][query] GET https://serviceusage.googleapis.com/v1/projects/feed-creator-v1-app/services/firebaseio.com [none]
[debug] [2025-12-19T05:20:18.143Z] >>> [apiv2][(partial)header] GET https://serviceusage.googleapis.com/v1/projects/feed-creator-v1-app/services/firebaseio.com x-goog-quota-user=projects/feed-creator-v1-app
[debug] [2025-12-19T05:20:18.738Z] <<< [apiv2][status] GET https://cloudbilling.googleapis.com/v1/projects/feed-creator-v1-app/billingInfo 200
[debug] [2025-12-19T05:20:18.738Z] <<< [apiv2][body] GET https://cloudbilling.googleapis.com/v1/projects/feed-creator-v1-app/billingInfo {"name":"projects/feed-creator-v1-app/billingInfo","projectId":"feed-creator-v1-app","billingAccountName":"","billingEnabled":false}
[debug] [2025-12-19T05:20:18.738Z] Checked if tokens are valid: true, expires at: 1766124047395
[debug] [2025-12-19T05:20:18.738Z] Checked if tokens are valid: true, expires at: 1766124047395
[debug] [2025-12-19T05:20:18.738Z] Checked if tokens are valid: true, expires at: 1766124047395
[debug] [2025-12-19T05:20:18.738Z] Checked if tokens are valid: true, expires at: 1766124047395
[debug] [2025-12-19T05:20:18.740Z] Checked if tokens are valid: true, expires at: 1766124047395
[debug] [2025-12-19T05:20:18.740Z] Checked if tokens are valid: true, expires at: 1766124047395
[debug] [2025-12-19T05:20:18.740Z] Checked if tokens are valid: true, expires at: 1766124047395
[debug] [2025-12-19T05:20:18.740Z] Checked if tokens are valid: true, expires at: 1766124047395
[debug] [2025-12-19T05:20:18.740Z] >>> [apiv2][query] GET https://serviceusage.googleapis.com/v1/projects/feed-creator-v1-app/services/firebasedataconnect.googleapis.com [none]
[debug] [2025-12-19T05:20:18.740Z] >>> [apiv2][(partial)header] GET https://serviceusage.googleapis.com/v1/projects/feed-creator-v1-app/services/firebasedataconnect.googleapis.com x-goog-quota-user=projects/feed-creator-v1-app
[debug] [2025-12-19T05:20:18.741Z] >>> [apiv2][query] GET https://serviceusage.googleapis.com/v1/projects/feed-creator-v1-app/services/cloudfunctions.googleapis.com [none]
[debug] [2025-12-19T05:20:18.741Z] >>> [apiv2][(partial)header] GET https://serviceusage.googleapis.com/v1/projects/feed-creator-v1-app/services/cloudfunctions.googleapis.com x-goog-quota-user=projects/feed-creator-v1-app
[debug] [2025-12-19T05:20:18.741Z] >>> [apiv2][query] GET https://serviceusage.googleapis.com/v1/projects/feed-creator-v1-app/services/firebaseapphosting.googleapis.com [none]
[debug] [2025-12-19T05:20:18.741Z] >>> [apiv2][(partial)header] GET https://serviceusage.googleapis.com/v1/projects/feed-creator-v1-app/services/firebaseapphosting.googleapis.com x-goog-quota-user=projects/feed-creator-v1-app
[debug] [2025-12-19T05:20:18.741Z] >>> [apiv2][query] GET https://serviceusage.googleapis.com/v1/projects/feed-creator-v1-app/services/firebaseio.com [none]
[debug] [2025-12-19T05:20:18.741Z] >>> [apiv2][(partial)header] GET https://serviceusage.googleapis.com/v1/projects/feed-creator-v1-app/services/firebaseio.com x-goog-quota-user=projects/feed-creator-v1-app
[debug] [2025-12-19T05:20:18.990Z] <<< [apiv2][status] GET https://serviceusage.googleapis.com/v1/projects/feed-creator-v1-app/services/firebaseio.com 403
[debug] [2025-12-19T05:20:18.990Z] <<< [apiv2][body] GET https://serviceusage.googleapis.com/v1/projects/feed-creator-v1-app/services/firebaseio.com [omitted]
[debug] [2025-12-19T05:20:19.107Z] <<< [apiv2][status] GET https://serviceusage.googleapis.com/v1/projects/feed-creator-v1-app/services/firebaseapphosting.googleapis.com 200
[debug] [2025-12-19T05:20:19.107Z] <<< [apiv2][body] GET https://serviceusage.googleapis.com/v1/projects/feed-creator-v1-app/services/firebaseapphosting.googleapis.com [omitted]
[debug] [2025-12-19T05:20:19.108Z] <<< [apiv2][status] GET https://serviceusage.googleapis.com/v1/projects/feed-creator-v1-app/services/firebasedataconnect.googleapis.com 200
[debug] [2025-12-19T05:20:19.108Z] <<< [apiv2][body] GET https://serviceusage.googleapis.com/v1/projects/feed-creator-v1-app/services/firebasedataconnect.googleapis.com [omitted]
[debug] [2025-12-19T05:20:19.113Z] <<< [apiv2][status] GET https://serviceusage.googleapis.com/v1/projects/feed-creator-v1-app/services/firebaseio.com 403
[debug] [2025-12-19T05:20:19.113Z] <<< [apiv2][body] GET https://serviceusage.googleapis.com/v1/projects/feed-creator-v1-app/services/firebaseio.com [omitted]
[debug] [2025-12-19T05:20:19.117Z] <<< [apiv2][status] GET https://serviceusage.googleapis.com/v1/projects/feed-creator-v1-app/services/cloudfunctions.googleapis.com 200
[debug] [2025-12-19T05:20:19.117Z] <<< [apiv2][body] GET https://serviceusage.googleapis.com/v1/projects/feed-creator-v1-app/services/cloudfunctions.googleapis.com [omitted]
[debug] [2025-12-19T05:20:19.143Z] <<< [apiv2][status] GET https://serviceusage.googleapis.com/v1/projects/feed-creator-v1-app/services/firebasedataconnect.googleapis.com 200
[debug] [2025-12-19T05:20:19.143Z] <<< [apiv2][body] GET https://serviceusage.googleapis.com/v1/projects/feed-creator-v1-app/services/firebasedataconnect.googleapis.com [omitted]
[debug] [2025-12-19T05:20:19.192Z] <<< [apiv2][status] GET https://serviceusage.googleapis.com/v1/projects/feed-creator-v1-app/services/cloudfunctions.googleapis.com 200
[debug] [2025-12-19T05:20:19.192Z] <<< [apiv2][body] GET https://serviceusage.googleapis.com/v1/projects/feed-creator-v1-app/services/cloudfunctions.googleapis.com [omitted]
[debug] [2025-12-19T05:20:19.239Z] <<< [apiv2][status] GET https://serviceusage.googleapis.com/v1/projects/feed-creator-v1-app/services/firebaseapphosting.googleapis.com 200
[debug] [2025-12-19T05:20:19.239Z] <<< [apiv2][body] GET https://serviceusage.googleapis.com/v1/projects/feed-creator-v1-app/services/firebaseapphosting.googleapis.com [omitted]
[debug] [2025-12-19T05:20:19.319Z] > command requires scopes: ["email","openid","https://www.googleapis.com/auth/cloudplatformprojects.readonly","https://www.googleapis.com/auth/firebase","https://www.googleapis.com/auth/cloud-platform"]
[debug] [2025-12-19T05:20:19.320Z] > authorizing via signed-in user (byunginhb@gmail.com)
[debug] [2025-12-19T05:20:19.320Z] Checked if tokens are valid: true, expires at: 1766124047395
[debug] [2025-12-19T05:20:19.320Z] Checked if tokens are valid: true, expires at: 1766124047395
[debug] [2025-12-19T05:20:19.320Z] >>> [apiv2][query] GET https://cloudbilling.googleapis.com/v1/projects/feed-creator-v1-app/billingInfo [none]
[debug] [2025-12-19T05:20:19.714Z] <<< [apiv2][status] GET https://serviceusage.googleapis.com/v1/projects/feed-creator-v1-app/services/firebaseio.com 403
[debug] [2025-12-19T05:20:19.714Z] <<< [apiv2][body] GET https://serviceusage.googleapis.com/v1/projects/feed-creator-v1-app/services/firebaseio.com [omitted]
[debug] [2025-12-19T05:20:19.758Z] <<< [apiv2][status] GET https://cloudbilling.googleapis.com/v1/projects/feed-creator-v1-app/billingInfo 200
[debug] [2025-12-19T05:20:19.759Z] <<< [apiv2][body] GET https://cloudbilling.googleapis.com/v1/projects/feed-creator-v1-app/billingInfo {"name":"projects/feed-creator-v1-app/billingInfo","projectId":"feed-creator-v1-app","billingAccountName":"","billingEnabled":false}
[debug] [2025-12-19T05:20:19.763Z] > command requires scopes: ["email","openid","https://www.googleapis.com/auth/cloudplatformprojects.readonly","https://www.googleapis.com/auth/firebase","https://www.googleapis.com/auth/cloud-platform"]
[debug] [2025-12-19T05:20:19.763Z] > authorizing via signed-in user (byunginhb@gmail.com)
[debug] [2025-12-19T05:20:19.784Z] <<< [apiv2][status] GET https://serviceusage.googleapis.com/v1/projects/feed-creator-v1-app/services/cloudfunctions.googleapis.com 200
[debug] [2025-12-19T05:20:19.785Z] <<< [apiv2][body] GET https://serviceusage.googleapis.com/v1/projects/feed-creator-v1-app/services/cloudfunctions.googleapis.com [omitted]
[debug] [2025-12-19T05:20:19.802Z] <<< [apiv2][status] GET https://serviceusage.googleapis.com/v1/projects/feed-creator-v1-app/services/firebasedataconnect.googleapis.com 200
[debug] [2025-12-19T05:20:19.802Z] <<< [apiv2][body] GET https://serviceusage.googleapis.com/v1/projects/feed-creator-v1-app/services/firebasedataconnect.googleapis.com [omitted]
[debug] [2025-12-19T05:20:19.805Z] <<< [apiv2][status] GET https://serviceusage.googleapis.com/v1/projects/feed-creator-v1-app/services/firebaseapphosting.googleapis.com 200
[debug] [2025-12-19T05:20:19.805Z] <<< [apiv2][body] GET https://serviceusage.googleapis.com/v1/projects/feed-creator-v1-app/services/firebaseapphosting.googleapis.com [omitted]
[debug] [2025-12-19T05:20:19.879Z] > command requires scopes: ["email","openid","https://www.googleapis.com/auth/cloudplatformprojects.readonly","https://www.googleapis.com/auth/firebase","https://www.googleapis.com/auth/cloud-platform"]
[debug] [2025-12-19T05:20:19.879Z] > authorizing via signed-in user (byunginhb@gmail.com)
[debug] [2025-12-19T05:20:19.879Z] Checked if tokens are valid: true, expires at: 1766124047395
[debug] [2025-12-19T05:20:19.879Z] Checked if tokens are valid: true, expires at: 1766124047395
[debug] [2025-12-19T05:20:19.879Z] >>> [apiv2][query] GET https://cloudbilling.googleapis.com/v1/projects/feed-creator-v1-app/billingInfo [none]
[debug] [2025-12-19T05:20:20.935Z] <<< [apiv2][status] GET https://cloudbilling.googleapis.com/v1/projects/feed-creator-v1-app/billingInfo 200
[debug] [2025-12-19T05:20:20.935Z] <<< [apiv2][body] GET https://cloudbilling.googleapis.com/v1/projects/feed-creator-v1-app/billingInfo {"name":"projects/feed-creator-v1-app/billingInfo","projectId":"feed-creator-v1-app","billingAccountName":"","billingEnabled":false}
[debug] [2025-12-19T05:20:20.936Z] > command requires scopes: ["email","openid","https://www.googleapis.com/auth/cloudplatformprojects.readonly","https://www.googleapis.com/auth/firebase","https://www.googleapis.com/auth/cloud-platform"]
[debug] [2025-12-19T05:20:20.936Z] > authorizing via signed-in user (byunginhb@gmail.com)
[debug] [2025-12-19T05:24:34.370Z] > command requires scopes: ["email","openid","https://www.googleapis.com/auth/cloudplatformprojects.readonly","https://www.googleapis.com/auth/firebase","https://www.googleapis.com/auth/cloud-platform"]
[debug] [2025-12-19T05:24:34.370Z] > command requires scopes: ["email","openid","https://www.googleapis.com/auth/cloudplatformprojects.readonly","https://www.googleapis.com/auth/firebase","https://www.googleapis.com/auth/cloud-platform"]
[debug] [2025-12-19T05:24:34.371Z] > authorizing via signed-in user (byunginhb@gmail.com)
[debug] [2025-12-19T05:24:34.371Z] > command requires scopes: ["email","openid","https://www.googleapis.com/auth/cloudplatformprojects.readonly","https://www.googleapis.com/auth/firebase","https://www.googleapis.com/auth/cloud-platform"]
[debug] [2025-12-19T05:24:34.371Z] > authorizing via signed-in user (byunginhb@gmail.com)
[debug] [2025-12-19T05:24:34.372Z] Checked if tokens are valid: true, expires at: 1766124047395
[debug] [2025-12-19T05:24:34.372Z] Checked if tokens are valid: true, expires at: 1766124047395
[debug] [2025-12-19T05:24:34.372Z] Checked if tokens are valid: true, expires at: 1766124047395
[debug] [2025-12-19T05:24:34.372Z] Checked if tokens are valid: true, expires at: 1766124047395
[debug] [2025-12-19T05:24:34.372Z] > command requires scopes: ["email","openid","https://www.googleapis.com/auth/cloudplatformprojects.readonly","https://www.googleapis.com/auth/firebase","https://www.googleapis.com/auth/cloud-platform"]
[debug] [2025-12-19T05:24:34.372Z] > authorizing via signed-in user (byunginhb@gmail.com)
[debug] [2025-12-19T05:24:34.372Z] >>> [apiv2][query] GET https://cloudbilling.googleapis.com/v1/projects/feed-creator-v1-app/billingInfo [none]
[debug] [2025-12-19T05:24:34.373Z] >>> [apiv2][query] GET https://cloudbilling.googleapis.com/v1/projects/feed-creator-v1-app/billingInfo [none]
[debug] [2025-12-19T05:24:34.373Z] Checked if tokens are valid: true, expires at: 1766124047395
[debug] [2025-12-19T05:24:34.373Z] Checked if tokens are valid: true, expires at: 1766124047395
[debug] [2025-12-19T05:24:34.373Z] >>> [apiv2][query] GET https://cloudbilling.googleapis.com/v1/projects/feed-creator-v1-app/billingInfo [none]
[debug] [2025-12-19T05:24:34.372Z] > authorizing via signed-in user (byunginhb@gmail.com)
[debug] [2025-12-19T05:24:34.372Z] > command requires scopes: ["email","openid","https://www.googleapis.com/auth/cloudplatformprojects.readonly","https://www.googleapis.com/auth/firebase","https://www.googleapis.com/auth/cloud-platform"]
[debug] [2025-12-19T05:24:34.372Z] > authorizing via signed-in user (byunginhb@gmail.com)
[debug] [2025-12-19T05:24:34.373Z] Checked if tokens are valid: true, expires at: 1766124047395
[debug] [2025-12-19T05:24:34.373Z] Checked if tokens are valid: true, expires at: 1766124047395
[debug] [2025-12-19T05:24:34.373Z] Checked if tokens are valid: true, expires at: 1766124047395
[debug] [2025-12-19T05:24:34.373Z] Checked if tokens are valid: true, expires at: 1766124047395
[debug] [2025-12-19T05:24:34.373Z] > command requires scopes: ["email","openid","https://www.googleapis.com/auth/cloudplatformprojects.readonly","https://www.googleapis.com/auth/firebase","https://www.googleapis.com/auth/cloud-platform"]
[debug] [2025-12-19T05:24:34.373Z] > authorizing via signed-in user (byunginhb@gmail.com)
[debug] [2025-12-19T05:24:34.373Z] >>> [apiv2][query] GET https://cloudbilling.googleapis.com/v1/projects/feed-creator-v1-app/billingInfo [none]
[debug] [2025-12-19T05:24:34.374Z] >>> [apiv2][query] GET https://cloudbilling.googleapis.com/v1/projects/feed-creator-v1-app/billingInfo [none]
[debug] [2025-12-19T05:24:34.374Z] Checked if tokens are valid: true, expires at: 1766124047395
[debug] [2025-12-19T05:24:34.374Z] Checked if tokens are valid: true, expires at: 1766124047395
[debug] [2025-12-19T05:24:34.374Z] >>> [apiv2][query] GET https://cloudbilling.googleapis.com/v1/projects/feed-creator-v1-app/billingInfo [none]
[debug] [2025-12-19T05:24:34.723Z] <<< [apiv2][status] GET https://cloudbilling.googleapis.com/v1/projects/feed-creator-v1-app/billingInfo 200
[debug] [2025-12-19T05:24:34.737Z] <<< [apiv2][status] GET https://cloudbilling.googleapis.com/v1/projects/feed-creator-v1-app/billingInfo 200
[debug] [2025-12-19T05:24:34.723Z] <<< [apiv2][body] GET https://cloudbilling.googleapis.com/v1/projects/feed-creator-v1-app/billingInfo {"name":"projects/feed-creator-v1-app/billingInfo","projectId":"feed-creator-v1-app","billingAccountName":"","billingEnabled":false}
[debug] [2025-12-19T05:24:34.730Z] Checked if tokens are valid: true, expires at: 1766124047395
[debug] [2025-12-19T05:24:34.730Z] Checked if tokens are valid: true, expires at: 1766124047395
[debug] [2025-12-19T05:24:34.731Z] Checked if tokens are valid: true, expires at: 1766124047395
[debug] [2025-12-19T05:24:34.731Z] Checked if tokens are valid: true, expires at: 1766124047395
[debug] [2025-12-19T05:24:34.739Z] Checked if tokens are valid: true, expires at: 1766124047395
[debug] [2025-12-19T05:24:34.740Z] Checked if tokens are valid: true, expires at: 1766124047395
[debug] [2025-12-19T05:24:34.740Z] Checked if tokens are valid: true, expires at: 1766124047395
[debug] [2025-12-19T05:24:34.740Z] Checked if tokens are valid: true, expires at: 1766124047395
[debug] [2025-12-19T05:24:34.740Z] >>> [apiv2][query] GET https://serviceusage.googleapis.com/v1/projects/feed-creator-v1-app/services/firebasedataconnect.googleapis.com [none]
[debug] [2025-12-19T05:24:34.740Z] >>> [apiv2][(partial)header] GET https://serviceusage.googleapis.com/v1/projects/feed-creator-v1-app/services/firebasedataconnect.googleapis.com x-goog-quota-user=projects/feed-creator-v1-app
[debug] [2025-12-19T05:24:34.741Z] >>> [apiv2][query] GET https://serviceusage.googleapis.com/v1/projects/feed-creator-v1-app/services/cloudfunctions.googleapis.com [none]
[debug] [2025-12-19T05:24:34.741Z] >>> [apiv2][(partial)header] GET https://serviceusage.googleapis.com/v1/projects/feed-creator-v1-app/services/cloudfunctions.googleapis.com x-goog-quota-user=projects/feed-creator-v1-app
[debug] [2025-12-19T05:24:34.742Z] >>> [apiv2][query] GET https://serviceusage.googleapis.com/v1/projects/feed-creator-v1-app/services/firebaseapphosting.googleapis.com [none]
[debug] [2025-12-19T05:24:34.742Z] >>> [apiv2][(partial)header] GET https://serviceusage.googleapis.com/v1/projects/feed-creator-v1-app/services/firebaseapphosting.googleapis.com x-goog-quota-user=projects/feed-creator-v1-app
[debug] [2025-12-19T05:24:34.742Z] >>> [apiv2][query] GET https://serviceusage.googleapis.com/v1/projects/feed-creator-v1-app/services/firebaseio.com [none]
[debug] [2025-12-19T05:24:34.742Z] >>> [apiv2][(partial)header] GET https://serviceusage.googleapis.com/v1/projects/feed-creator-v1-app/services/firebaseio.com x-goog-quota-user=projects/feed-creator-v1-app
[debug] [2025-12-19T05:24:34.737Z] <<< [apiv2][body] GET https://cloudbilling.googleapis.com/v1/projects/feed-creator-v1-app/billingInfo {"name":"projects/feed-creator-v1-app/billingInfo","projectId":"feed-creator-v1-app","billingAccountName":"","billingEnabled":false}
[debug] [2025-12-19T05:24:34.741Z] Checked if tokens are valid: true, expires at: 1766124047395
[debug] [2025-12-19T05:24:34.741Z] Checked if tokens are valid: true, expires at: 1766124047395
[debug] [2025-12-19T05:24:34.741Z] Checked if tokens are valid: true, expires at: 1766124047395
[debug] [2025-12-19T05:24:34.741Z] Checked if tokens are valid: true, expires at: 1766124047395
[debug] [2025-12-19T05:24:34.748Z] Checked if tokens are valid: true, expires at: 1766124047395
[debug] [2025-12-19T05:24:34.749Z] Checked if tokens are valid: true, expires at: 1766124047395
[debug] [2025-12-19T05:24:34.749Z] Checked if tokens are valid: true, expires at: 1766124047395
[debug] [2025-12-19T05:24:34.749Z] Checked if tokens are valid: true, expires at: 1766124047395
[debug] [2025-12-19T05:24:34.749Z] >>> [apiv2][query] GET https://serviceusage.googleapis.com/v1/projects/feed-creator-v1-app/services/firebasedataconnect.googleapis.com [none]
[debug] [2025-12-19T05:24:34.749Z] >>> [apiv2][(partial)header] GET https://serviceusage.googleapis.com/v1/projects/feed-creator-v1-app/services/firebasedataconnect.googleapis.com x-goog-quota-user=projects/feed-creator-v1-app
[debug] [2025-12-19T05:24:34.750Z] >>> [apiv2][query] GET https://serviceusage.googleapis.com/v1/projects/feed-creator-v1-app/services/cloudfunctions.googleapis.com [none]
[debug] [2025-12-19T05:24:34.750Z] >>> [apiv2][(partial)header] GET https://serviceusage.googleapis.com/v1/projects/feed-creator-v1-app/services/cloudfunctions.googleapis.com x-goog-quota-user=projects/feed-creator-v1-app
[debug] [2025-12-19T05:24:34.750Z] >>> [apiv2][query] GET https://serviceusage.googleapis.com/v1/projects/feed-creator-v1-app/services/firebaseapphosting.googleapis.com [none]
[debug] [2025-12-19T05:24:34.750Z] >>> [apiv2][(partial)header] GET https://serviceusage.googleapis.com/v1/projects/feed-creator-v1-app/services/firebaseapphosting.googleapis.com x-goog-quota-user=projects/feed-creator-v1-app
[debug] [2025-12-19T05:24:34.751Z] >>> [apiv2][query] GET https://serviceusage.googleapis.com/v1/projects/feed-creator-v1-app/services/firebaseio.com [none]
[debug] [2025-12-19T05:24:34.751Z] >>> [apiv2][(partial)header] GET https://serviceusage.googleapis.com/v1/projects/feed-creator-v1-app/services/firebaseio.com x-goog-quota-user=projects/feed-creator-v1-app
[debug] [2025-12-19T05:24:34.765Z] <<< [apiv2][status] GET https://cloudbilling.googleapis.com/v1/projects/feed-creator-v1-app/billingInfo 200
[debug] [2025-12-19T05:24:34.766Z] <<< [apiv2][body] GET https://cloudbilling.googleapis.com/v1/projects/feed-creator-v1-app/billingInfo {"name":"projects/feed-creator-v1-app/billingInfo","projectId":"feed-creator-v1-app","billingAccountName":"","billingEnabled":false}
[debug] [2025-12-19T05:24:34.766Z] Checked if tokens are valid: true, expires at: 1766124047395
[debug] [2025-12-19T05:24:34.766Z] Checked if tokens are valid: true, expires at: 1766124047395
[debug] [2025-12-19T05:24:34.766Z] Checked if tokens are valid: true, expires at: 1766124047395
[debug] [2025-12-19T05:24:34.766Z] Checked if tokens are valid: true, expires at: 1766124047395
[debug] [2025-12-19T05:24:34.767Z] Checked if tokens are valid: true, expires at: 1766124047395
[debug] [2025-12-19T05:24:34.767Z] Checked if tokens are valid: true, expires at: 1766124047395
[debug] [2025-12-19T05:24:34.768Z] Checked if tokens are valid: true, expires at: 1766124047395
[debug] [2025-12-19T05:24:34.768Z] Checked if tokens are valid: true, expires at: 1766124047395
[debug] [2025-12-19T05:24:34.768Z] >>> [apiv2][query] GET https://serviceusage.googleapis.com/v1/projects/feed-creator-v1-app/services/firebasedataconnect.googleapis.com [none]
[debug] [2025-12-19T05:24:34.768Z] >>> [apiv2][(partial)header] GET https://serviceusage.googleapis.com/v1/projects/feed-creator-v1-app/services/firebasedataconnect.googleapis.com x-goog-quota-user=projects/feed-creator-v1-app
[debug] [2025-12-19T05:24:34.768Z] >>> [apiv2][query] GET https://serviceusage.googleapis.com/v1/projects/feed-creator-v1-app/services/cloudfunctions.googleapis.com [none]
[debug] [2025-12-19T05:24:34.768Z] >>> [apiv2][(partial)header] GET https://serviceusage.googleapis.com/v1/projects/feed-creator-v1-app/services/cloudfunctions.googleapis.com x-goog-quota-user=projects/feed-creator-v1-app
[debug] [2025-12-19T05:24:34.769Z] >>> [apiv2][query] GET https://serviceusage.googleapis.com/v1/projects/feed-creator-v1-app/services/firebaseapphosting.googleapis.com [none]
[debug] [2025-12-19T05:24:34.769Z] >>> [apiv2][(partial)header] GET https://serviceusage.googleapis.com/v1/projects/feed-creator-v1-app/services/firebaseapphosting.googleapis.com x-goog-quota-user=projects/feed-creator-v1-app
[debug] [2025-12-19T05:24:34.769Z] >>> [apiv2][query] GET https://serviceusage.googleapis.com/v1/projects/feed-creator-v1-app/services/firebaseio.com [none]
[debug] [2025-12-19T05:24:34.769Z] >>> [apiv2][(partial)header] GET https://serviceusage.googleapis.com/v1/projects/feed-creator-v1-app/services/firebaseio.com x-goog-quota-user=projects/feed-creator-v1-app
[debug] [2025-12-19T05:24:34.901Z] <<< [apiv2][status] GET https://cloudbilling.googleapis.com/v1/projects/feed-creator-v1-app/billingInfo 200
[debug] [2025-12-19T05:24:34.901Z] <<< [apiv2][body] GET https://cloudbilling.googleapis.com/v1/projects/feed-creator-v1-app/billingInfo {"name":"projects/feed-creator-v1-app/billingInfo","projectId":"feed-creator-v1-app","billingAccountName":"","billingEnabled":false}
[debug] [2025-12-19T05:24:34.901Z] Checked if tokens are valid: true, expires at: 1766124047395
[debug] [2025-12-19T05:24:34.901Z] Checked if tokens are valid: true, expires at: 1766124047395
[debug] [2025-12-19T05:24:34.901Z] Checked if tokens are valid: true, expires at: 1766124047395
[debug] [2025-12-19T05:24:34.901Z] Checked if tokens are valid: true, expires at: 1766124047395
[debug] [2025-12-19T05:24:34.903Z] Checked if tokens are valid: true, expires at: 1766124047395
[debug] [2025-12-19T05:24:34.903Z] Checked if tokens are valid: true, expires at: 1766124047395
[debug] [2025-12-19T05:24:34.903Z] Checked if tokens are valid: true, expires at: 1766124047395
[debug] [2025-12-19T05:24:34.903Z] Checked if tokens are valid: true, expires at: 1766124047395
[debug] [2025-12-19T05:24:34.903Z] >>> [apiv2][query] GET https://serviceusage.googleapis.com/v1/projects/feed-creator-v1-app/services/firebasedataconnect.googleapis.com [none]
[debug] [2025-12-19T05:24:34.903Z] >>> [apiv2][(partial)header] GET https://serviceusage.googleapis.com/v1/projects/feed-creator-v1-app/services/firebasedataconnect.googleapis.com x-goog-quota-user=projects/feed-creator-v1-app
[debug] [2025-12-19T05:24:34.904Z] >>> [apiv2][query] GET https://serviceusage.googleapis.com/v1/projects/feed-creator-v1-app/services/cloudfunctions.googleapis.com [none]
[debug] [2025-12-19T05:24:34.904Z] >>> [apiv2][(partial)header] GET https://serviceusage.googleapis.com/v1/projects/feed-creator-v1-app/services/cloudfunctions.googleapis.com x-goog-quota-user=projects/feed-creator-v1-app
[debug] [2025-12-19T05:24:34.904Z] >>> [apiv2][query] GET https://serviceusage.googleapis.com/v1/projects/feed-creator-v1-app/services/firebaseapphosting.googleapis.com [none]
[debug] [2025-12-19T05:24:34.904Z] >>> [apiv2][(partial)header] GET https://serviceusage.googleapis.com/v1/projects/feed-creator-v1-app/services/firebaseapphosting.googleapis.com x-goog-quota-user=projects/feed-creator-v1-app
[debug] [2025-12-19T05:24:34.904Z] >>> [apiv2][query] GET https://serviceusage.googleapis.com/v1/projects/feed-creator-v1-app/services/firebaseio.com [none]
[debug] [2025-12-19T05:24:34.904Z] >>> [apiv2][(partial)header] GET https://serviceusage.googleapis.com/v1/projects/feed-creator-v1-app/services/firebaseio.com x-goog-quota-user=projects/feed-creator-v1-app
[debug] [2025-12-19T05:24:35.268Z] <<< [apiv2][status] GET https://serviceusage.googleapis.com/v1/projects/feed-creator-v1-app/services/firebaseio.com 403
[debug] [2025-12-19T05:24:35.268Z] <<< [apiv2][body] GET https://serviceusage.googleapis.com/v1/projects/feed-creator-v1-app/services/firebaseio.com [omitted]
[debug] [2025-12-19T05:24:35.552Z] <<< [apiv2][status] GET https://cloudbilling.googleapis.com/v1/projects/feed-creator-v1-app/billingInfo 200
[debug] [2025-12-19T05:24:35.553Z] <<< [apiv2][status] GET https://cloudbilling.googleapis.com/v1/projects/feed-creator-v1-app/billingInfo 200
[debug] [2025-12-19T05:24:35.552Z] <<< [apiv2][body] GET https://cloudbilling.googleapis.com/v1/projects/feed-creator-v1-app/billingInfo {"name":"projects/feed-creator-v1-app/billingInfo","projectId":"feed-creator-v1-app","billingAccountName":"","billingEnabled":false}
[debug] [2025-12-19T05:24:35.552Z] Checked if tokens are valid: true, expires at: 1766124047395
[debug] [2025-12-19T05:24:35.552Z] Checked if tokens are valid: true, expires at: 1766124047395
[debug] [2025-12-19T05:24:35.552Z] Checked if tokens are valid: true, expires at: 1766124047395
[debug] [2025-12-19T05:24:35.552Z] Checked if tokens are valid: true, expires at: 1766124047395
[debug] [2025-12-19T05:24:35.554Z] Checked if tokens are valid: true, expires at: 1766124047395
[debug] [2025-12-19T05:24:35.554Z] Checked if tokens are valid: true, expires at: 1766124047395
[debug] [2025-12-19T05:24:35.554Z] Checked if tokens are valid: true, expires at: 1766124047395
[debug] [2025-12-19T05:24:35.554Z] Checked if tokens are valid: true, expires at: 1766124047395
[debug] [2025-12-19T05:24:35.554Z] >>> [apiv2][query] GET https://serviceusage.googleapis.com/v1/projects/feed-creator-v1-app/services/firebasedataconnect.googleapis.com [none]
[debug] [2025-12-19T05:24:35.554Z] >>> [apiv2][(partial)header] GET https://serviceusage.googleapis.com/v1/projects/feed-creator-v1-app/services/firebasedataconnect.googleapis.com x-goog-quota-user=projects/feed-creator-v1-app
[debug] [2025-12-19T05:24:35.555Z] >>> [apiv2][query] GET https://serviceusage.googleapis.com/v1/projects/feed-creator-v1-app/services/cloudfunctions.googleapis.com [none]
[debug] [2025-12-19T05:24:35.555Z] >>> [apiv2][(partial)header] GET https://serviceusage.googleapis.com/v1/projects/feed-creator-v1-app/services/cloudfunctions.googleapis.com x-goog-quota-user=projects/feed-creator-v1-app
[debug] [2025-12-19T05:24:35.556Z] >>> [apiv2][query] GET https://serviceusage.googleapis.com/v1/projects/feed-creator-v1-app/services/firebaseapphosting.googleapis.com [none]
[debug] [2025-12-19T05:24:35.556Z] >>> [apiv2][(partial)header] GET https://serviceusage.googleapis.com/v1/projects/feed-creator-v1-app/services/firebaseapphosting.googleapis.com x-goog-quota-user=projects/feed-creator-v1-app
[debug] [2025-12-19T05:24:35.556Z] >>> [apiv2][query] GET https://serviceusage.googleapis.com/v1/projects/feed-creator-v1-app/services/firebaseio.com [none]
[debug] [2025-12-19T05:24:35.556Z] >>> [apiv2][(partial)header] GET https://serviceusage.googleapis.com/v1/projects/feed-creator-v1-app/services/firebaseio.com x-goog-quota-user=projects/feed-creator-v1-app
[debug] [2025-12-19T05:24:35.553Z] <<< [apiv2][body] GET https://cloudbilling.googleapis.com/v1/projects/feed-creator-v1-app/billingInfo {"name":"projects/feed-creator-v1-app/billingInfo","projectId":"feed-creator-v1-app","billingAccountName":"","billingEnabled":false}
[debug] [2025-12-19T05:24:35.554Z] Checked if tokens are valid: true, expires at: 1766124047395
[debug] [2025-12-19T05:24:35.554Z] Checked if tokens are valid: true, expires at: 1766124047395
[debug] [2025-12-19T05:24:35.554Z] Checked if tokens are valid: true, expires at: 1766124047395
[debug] [2025-12-19T05:24:35.554Z] Checked if tokens are valid: true, expires at: 1766124047395
[debug] [2025-12-19T05:24:35.556Z] Checked if tokens are valid: true, expires at: 1766124047395
[debug] [2025-12-19T05:24:35.556Z] Checked if tokens are valid: true, expires at: 1766124047395
[debug] [2025-12-19T05:24:35.556Z] >>> [apiv2][query] GET https://serviceusage.googleapis.com/v1/projects/feed-creator-v1-app/services/firebasedataconnect.googleapis.com [none]
[debug] [2025-12-19T05:24:35.556Z] >>> [apiv2][(partial)header] GET https://serviceusage.googleapis.com/v1/projects/feed-creator-v1-app/services/firebasedataconnect.googleapis.com x-goog-quota-user=projects/feed-creator-v1-app
[debug] [2025-12-19T05:24:35.556Z] >>> [apiv2][query] GET https://serviceusage.googleapis.com/v1/projects/feed-creator-v1-app/services/cloudfunctions.googleapis.com [none]
[debug] [2025-12-19T05:24:35.556Z] >>> [apiv2][(partial)header] GET https://serviceusage.googleapis.com/v1/projects/feed-creator-v1-app/services/cloudfunctions.googleapis.com x-goog-quota-user=projects/feed-creator-v1-app
[debug] [2025-12-19T05:24:35.557Z] >>> [apiv2][query] GET https://serviceusage.googleapis.com/v1/projects/feed-creator-v1-app/services/firebaseapphosting.googleapis.com [none]
[debug] [2025-12-19T05:24:35.558Z] >>> [apiv2][(partial)header] GET https://serviceusage.googleapis.com/v1/projects/feed-creator-v1-app/services/firebaseapphosting.googleapis.com x-goog-quota-user=projects/feed-creator-v1-app
[debug] [2025-12-19T05:24:35.844Z] <<< [apiv2][status] GET https://serviceusage.googleapis.com/v1/projects/feed-creator-v1-app/services/firebaseapphosting.googleapis.com 200
[debug] [2025-12-19T05:24:35.844Z] <<< [apiv2][body] GET https://serviceusage.googleapis.com/v1/projects/feed-creator-v1-app/services/firebaseapphosting.googleapis.com [omitted]
[debug] [2025-12-19T05:24:35.857Z] <<< [apiv2][status] GET https://serviceusage.googleapis.com/v1/projects/feed-creator-v1-app/services/firebasedataconnect.googleapis.com 200
[debug] [2025-12-19T05:24:35.857Z] <<< [apiv2][body] GET https://serviceusage.googleapis.com/v1/projects/feed-creator-v1-app/services/firebasedataconnect.googleapis.com [omitted]
[debug] [2025-12-19T05:24:35.860Z] <<< [apiv2][status] GET https://serviceusage.googleapis.com/v1/projects/feed-creator-v1-app/services/cloudfunctions.googleapis.com 200
[debug] [2025-12-19T05:24:35.860Z] <<< [apiv2][body] GET https://serviceusage.googleapis.com/v1/projects/feed-creator-v1-app/services/cloudfunctions.googleapis.com [omitted]
[debug] [2025-12-19T05:24:36.106Z] <<< [apiv2][status] GET https://serviceusage.googleapis.com/v1/projects/feed-creator-v1-app/services/cloudfunctions.googleapis.com 200
[debug] [2025-12-19T05:24:36.106Z] <<< [apiv2][body] GET https://serviceusage.googleapis.com/v1/projects/feed-creator-v1-app/services/cloudfunctions.googleapis.com [omitted]
[debug] [2025-12-19T05:24:36.118Z] <<< [apiv2][status] GET https://serviceusage.googleapis.com/v1/projects/feed-creator-v1-app/services/firebaseio.com 403
[debug] [2025-12-19T05:24:36.118Z] <<< [apiv2][body] GET https://serviceusage.googleapis.com/v1/projects/feed-creator-v1-app/services/firebaseio.com [omitted]
[debug] [2025-12-19T05:24:36.135Z] <<< [apiv2][status] GET https://serviceusage.googleapis.com/v1/projects/feed-creator-v1-app/services/firebaseio.com 403
[debug] [2025-12-19T05:24:36.135Z] <<< [apiv2][body] GET https://serviceusage.googleapis.com/v1/projects/feed-creator-v1-app/services/firebaseio.com [omitted]
[debug] [2025-12-19T05:24:36.144Z] <<< [apiv2][status] GET https://serviceusage.googleapis.com/v1/projects/feed-creator-v1-app/services/firebaseio.com 403
[debug] [2025-12-19T05:24:36.144Z] <<< [apiv2][body] GET https://serviceusage.googleapis.com/v1/projects/feed-creator-v1-app/services/firebaseio.com [omitted]
[debug] [2025-12-19T05:24:36.156Z] <<< [apiv2][status] GET https://serviceusage.googleapis.com/v1/projects/feed-creator-v1-app/services/firebasedataconnect.googleapis.com 200
[debug] [2025-12-19T05:24:36.156Z] <<< [apiv2][body] GET https://serviceusage.googleapis.com/v1/projects/feed-creator-v1-app/services/firebasedataconnect.googleapis.com [omitted]
[debug] [2025-12-19T05:24:36.541Z] <<< [apiv2][status] GET https://serviceusage.googleapis.com/v1/projects/feed-creator-v1-app/services/firebaseio.com 403
[debug] [2025-12-19T05:24:36.542Z] <<< [apiv2][body] GET https://serviceusage.googleapis.com/v1/projects/feed-creator-v1-app/services/firebaseio.com [omitted]
[debug] [2025-12-19T05:24:36.613Z] <<< [apiv2][status] GET https://serviceusage.googleapis.com/v1/projects/feed-creator-v1-app/services/firebaseapphosting.googleapis.com 200
[debug] [2025-12-19T05:24:36.613Z] <<< [apiv2][status] GET https://serviceusage.googleapis.com/v1/projects/feed-creator-v1-app/services/firebaseapphosting.googleapis.com 200
[debug] [2025-12-19T05:24:36.613Z] <<< [apiv2][body] GET https://serviceusage.googleapis.com/v1/projects/feed-creator-v1-app/services/firebaseapphosting.googleapis.com [omitted]
[debug] [2025-12-19T05:24:36.613Z] <<< [apiv2][body] GET https://serviceusage.googleapis.com/v1/projects/feed-creator-v1-app/services/firebaseapphosting.googleapis.com [omitted]
[debug] [2025-12-19T05:24:36.616Z] <<< [apiv2][status] GET https://serviceusage.googleapis.com/v1/projects/feed-creator-v1-app/services/firebasedataconnect.googleapis.com 200
[debug] [2025-12-19T05:24:36.616Z] <<< [apiv2][body] GET https://serviceusage.googleapis.com/v1/projects/feed-creator-v1-app/services/firebasedataconnect.googleapis.com [omitted]
[debug] [2025-12-19T05:24:36.623Z] <<< [apiv2][status] GET https://serviceusage.googleapis.com/v1/projects/feed-creator-v1-app/services/cloudfunctions.googleapis.com 200
[debug] [2025-12-19T05:24:36.623Z] <<< [apiv2][body] GET https://serviceusage.googleapis.com/v1/projects/feed-creator-v1-app/services/cloudfunctions.googleapis.com [omitted]
[debug] [2025-12-19T05:24:36.624Z] <<< [apiv2][status] GET https://serviceusage.googleapis.com/v1/projects/feed-creator-v1-app/services/cloudfunctions.googleapis.com 200
[debug] [2025-12-19T05:24:36.624Z] <<< [apiv2][body] GET https://serviceusage.googleapis.com/v1/projects/feed-creator-v1-app/services/cloudfunctions.googleapis.com [omitted]
[debug] [2025-12-19T05:24:36.704Z] > command requires scopes: ["email","openid","https://www.googleapis.com/auth/cloudplatformprojects.readonly","https://www.googleapis.com/auth/firebase","https://www.googleapis.com/auth/cloud-platform"]
[debug] [2025-12-19T05:24:36.704Z] > authorizing via signed-in user (byunginhb@gmail.com)
[debug] [2025-12-19T05:24:36.704Z] Checked if tokens are valid: true, expires at: 1766124047395
[debug] [2025-12-19T05:24:36.704Z] Checked if tokens are valid: true, expires at: 1766124047395
[debug] [2025-12-19T05:24:36.704Z] >>> [apiv2][query] GET https://cloudbilling.googleapis.com/v1/projects/feed-creator-v1-app/billingInfo [none]
[debug] [2025-12-19T05:24:36.736Z] <<< [apiv2][status] GET https://serviceusage.googleapis.com/v1/projects/feed-creator-v1-app/services/firebasedataconnect.googleapis.com 200
[debug] [2025-12-19T05:24:36.736Z] <<< [apiv2][body] GET https://serviceusage.googleapis.com/v1/projects/feed-creator-v1-app/services/firebasedataconnect.googleapis.com [omitted]
[debug] [2025-12-19T05:24:36.738Z] <<< [apiv2][status] GET https://serviceusage.googleapis.com/v1/projects/feed-creator-v1-app/services/firebaseapphosting.googleapis.com 200
[debug] [2025-12-19T05:24:36.738Z] <<< [apiv2][body] GET https://serviceusage.googleapis.com/v1/projects/feed-creator-v1-app/services/firebaseapphosting.googleapis.com [omitted]
[debug] [2025-12-19T05:24:36.745Z] <<< [apiv2][status] GET https://serviceusage.googleapis.com/v1/projects/feed-creator-v1-app/services/firebaseapphosting.googleapis.com 200
[debug] [2025-12-19T05:24:36.745Z] <<< [apiv2][body] GET https://serviceusage.googleapis.com/v1/projects/feed-creator-v1-app/services/firebaseapphosting.googleapis.com [omitted]
[debug] [2025-12-19T05:24:36.747Z] <<< [apiv2][status] GET https://serviceusage.googleapis.com/v1/projects/feed-creator-v1-app/services/firebasedataconnect.googleapis.com 200
[debug] [2025-12-19T05:24:36.747Z] <<< [apiv2][body] GET https://serviceusage.googleapis.com/v1/projects/feed-creator-v1-app/services/firebasedataconnect.googleapis.com [omitted]
[debug] [2025-12-19T05:24:36.796Z] <<< [apiv2][status] GET https://serviceusage.googleapis.com/v1/projects/feed-creator-v1-app/services/firebaseapphosting.googleapis.com 200
[debug] [2025-12-19T05:24:36.796Z] <<< [apiv2][body] GET https://serviceusage.googleapis.com/v1/projects/feed-creator-v1-app/services/firebaseapphosting.googleapis.com [omitted]
[debug] [2025-12-19T05:24:36.798Z] <<< [apiv2][status] GET https://serviceusage.googleapis.com/v1/projects/feed-creator-v1-app/services/cloudfunctions.googleapis.com 200
[debug] [2025-12-19T05:24:36.798Z] <<< [apiv2][body] GET https://serviceusage.googleapis.com/v1/projects/feed-creator-v1-app/services/cloudfunctions.googleapis.com [omitted]
[debug] [2025-12-19T05:24:36.801Z] <<< [apiv2][status] GET https://serviceusage.googleapis.com/v1/projects/feed-creator-v1-app/services/cloudfunctions.googleapis.com 200
[debug] [2025-12-19T05:24:36.801Z] <<< [apiv2][body] GET https://serviceusage.googleapis.com/v1/projects/feed-creator-v1-app/services/cloudfunctions.googleapis.com [omitted]
[debug] [2025-12-19T05:24:36.810Z] <<< [apiv2][status] GET https://serviceusage.googleapis.com/v1/projects/feed-creator-v1-app/services/firebasedataconnect.googleapis.com 200
[debug] [2025-12-19T05:24:36.810Z] <<< [apiv2][body] GET https://serviceusage.googleapis.com/v1/projects/feed-creator-v1-app/services/firebasedataconnect.googleapis.com [omitted]
[debug] [2025-12-19T05:24:36.874Z] > command requires scopes: ["email","openid","https://www.googleapis.com/auth/cloudplatformprojects.readonly","https://www.googleapis.com/auth/firebase","https://www.googleapis.com/auth/cloud-platform"]
[debug] [2025-12-19T05:24:36.874Z] > authorizing via signed-in user (byunginhb@gmail.com)
[debug] [2025-12-19T05:24:36.875Z] Checked if tokens are valid: true, expires at: 1766124047395
[debug] [2025-12-19T05:24:36.875Z] Checked if tokens are valid: true, expires at: 1766124047395
[debug] [2025-12-19T05:24:36.875Z] >>> [apiv2][query] GET https://cloudbilling.googleapis.com/v1/projects/feed-creator-v1-app/billingInfo [none]
[debug] [2025-12-19T05:24:36.879Z] > command requires scopes: ["email","openid","https://www.googleapis.com/auth/cloudplatformprojects.readonly","https://www.googleapis.com/auth/firebase","https://www.googleapis.com/auth/cloud-platform"]
[debug] [2025-12-19T05:24:36.879Z] > authorizing via signed-in user (byunginhb@gmail.com)
[debug] [2025-12-19T05:24:36.880Z] Checked if tokens are valid: true, expires at: 1766124047395
[debug] [2025-12-19T05:24:36.880Z] Checked if tokens are valid: true, expires at: 1766124047395
[debug] [2025-12-19T05:24:36.880Z] >>> [apiv2][query] GET https://cloudbilling.googleapis.com/v1/projects/feed-creator-v1-app/billingInfo [none]
[debug] [2025-12-19T05:24:36.885Z] > command requires scopes: ["email","openid","https://www.googleapis.com/auth/cloudplatformprojects.readonly","https://www.googleapis.com/auth/firebase","https://www.googleapis.com/auth/cloud-platform"]
[debug] [2025-12-19T05:24:36.885Z] > authorizing via signed-in user (byunginhb@gmail.com)
[debug] [2025-12-19T05:24:36.885Z] Checked if tokens are valid: true, expires at: 1766124047395
[debug] [2025-12-19T05:24:36.885Z] Checked if tokens are valid: true, expires at: 1766124047395
[debug] [2025-12-19T05:24:36.885Z] >>> [apiv2][query] GET https://cloudbilling.googleapis.com/v1/projects/feed-creator-v1-app/billingInfo [none]
[debug] [2025-12-19T05:24:37.243Z] <<< [apiv2][status] GET https://cloudbilling.googleapis.com/v1/projects/feed-creator-v1-app/billingInfo 200
[debug] [2025-12-19T05:24:37.243Z] <<< [apiv2][body] GET https://cloudbilling.googleapis.com/v1/projects/feed-creator-v1-app/billingInfo {"name":"projects/feed-creator-v1-app/billingInfo","projectId":"feed-creator-v1-app","billingAccountName":"","billingEnabled":false}
[debug] [2025-12-19T05:24:37.245Z] > command requires scopes: ["email","openid","https://www.googleapis.com/auth/cloudplatformprojects.readonly","https://www.googleapis.com/auth/firebase","https://www.googleapis.com/auth/cloud-platform"]
[debug] [2025-12-19T05:24:37.245Z] > authorizing via signed-in user (byunginhb@gmail.com)
[debug] [2025-12-19T05:24:37.759Z] <<< [apiv2][status] GET https://cloudbilling.googleapis.com/v1/projects/feed-creator-v1-app/billingInfo 200
[debug] [2025-12-19T05:24:37.759Z] <<< [apiv2][body] GET https://cloudbilling.googleapis.com/v1/projects/feed-creator-v1-app/billingInfo {"name":"projects/feed-creator-v1-app/billingInfo","projectId":"feed-creator-v1-app","billingAccountName":"","billingEnabled":false}
[debug] [2025-12-19T05:24:37.761Z] > command requires scopes: ["email","openid","https://www.googleapis.com/auth/cloudplatformprojects.readonly","https://www.googleapis.com/auth/firebase","https://www.googleapis.com/auth/cloud-platform"]
[debug] [2025-12-19T05:24:37.761Z] > authorizing via signed-in user (byunginhb@gmail.com)
[debug] [2025-12-19T05:24:38.073Z] <<< [apiv2][status] GET https://cloudbilling.googleapis.com/v1/projects/feed-creator-v1-app/billingInfo 200
[debug] [2025-12-19T05:24:38.077Z] <<< [apiv2][status] GET https://cloudbilling.googleapis.com/v1/projects/feed-creator-v1-app/billingInfo 200
[debug] [2025-12-19T05:24:38.074Z] <<< [apiv2][body] GET https://cloudbilling.googleapis.com/v1/projects/feed-creator-v1-app/billingInfo {"name":"projects/feed-creator-v1-app/billingInfo","projectId":"feed-creator-v1-app","billingAccountName":"","billingEnabled":false}
[debug] [2025-12-19T05:24:38.077Z] > command requires scopes: ["email","openid","https://www.googleapis.com/auth/cloudplatformprojects.readonly","https://www.googleapis.com/auth/firebase","https://www.googleapis.com/auth/cloud-platform"]
[debug] [2025-12-19T05:24:38.077Z] > authorizing via signed-in user (byunginhb@gmail.com)
[debug] [2025-12-19T05:24:38.077Z] <<< [apiv2][body] GET https://cloudbilling.googleapis.com/v1/projects/feed-creator-v1-app/billingInfo {"name":"projects/feed-creator-v1-app/billingInfo","projectId":"feed-creator-v1-app","billingAccountName":"","billingEnabled":false}
[debug] [2025-12-19T05:24:38.078Z] > command requires scopes: ["email","openid","https://www.googleapis.com/auth/cloudplatformprojects.readonly","https://www.googleapis.com/auth/firebase","https://www.googleapis.com/auth/cloud-platform"]
[debug] [2025-12-19T05:24:38.079Z] > authorizing via signed-in user (byunginhb@gmail.com)
